<?xml version="1.0" encoding="UTF-8"?>
<testsuite xmlns:xsi="http://www.w3.org/2001/XMLSchema-instance" xsi:noNamespaceSchemaLocation="https://maven.apache.org/surefire/maven-surefire-plugin/xsd/surefire-test-report-3.0.xsd" version="3.0" name="com.tgr.script.apoyo_egresos_tgr" time="34.169" tests="1" errors="0" skipped="0" failures="0">
  <properties>
[...]
</properties>
  <testcase name="test" classname="com.tgr.script.apoyo_egresos_tgr" time="34.135">
    <system-out><![CDATA[2023-09-20 10:21:38,489 [main] INFO  com.tgr.selenium.abs.AbsTest - INICIANDO @BEFORE setUp():com.tgr.script.apoyo_egresos_tgr
2023-09-20 10:21:38,490 [main] INFO  com.tgr.selenium.abs.AbsTest - setUp():ES WINDOWS
2023-09-20 10:21:39,441 [main] INFO  com.tgr.javaee.propiedades.DatosSistema - Obtener Propiedades - init
2023-09-20 10:21:39,442 [main] INFO  com.tgr.javaee.propiedades.DatosSistema - Cargar Propiedades - end
2023-09-20 10:21:39,442 [main] INFO  com.tgr.javaee.propiedades.DatosSistema - Obtener Propiedades - end
2023-09-20 10:21:39,443 [main] INFO  com.tgr.javaee.propiedades.DatosSistema - Obtener Propiedades - end
2023-09-20 10:21:40,510 [main] INFO  com.tgr.selenium.abs.AbsTest - Captura de pantalla URL: http://192.168.24.100/SistemaGestionNewWeb/index - Nombre imagen:  Paso 00 Ingresa a sitio web.png
2023-09-20 10:21:40,727 [main] INFO  com.tgr.javaee.propiedades.DatosSistema - Obtener Propiedades - end
2023-09-20 10:21:40,777 [main] INFO  com.tgr.selenium.abs.AbsTest - INICIO -----> ESPERA:2 / SEGUNDOS
2023-09-20 10:21:42,783 [main] INFO  com.tgr.selenium.abs.AbsTest - FIN    -----> ESPERA:2 / SEGUNDOS
2023-09-20 10:21:42,795 [main] INFO  com.tgr.javaee.propiedades.DatosSistema - Obtener Propiedades - end
2023-09-20 10:21:43,084 [main] INFO  com.tgr.selenium.abs.AbsTest - INICIO -----> ESPERA:2 / SEGUNDOS
2023-09-20 10:21:45,091 [main] INFO  com.tgr.selenium.abs.AbsTest - FIN    -----> ESPERA:2 / SEGUNDOS
2023-09-20 10:21:45,104 [main] INFO  com.tgr.selenium.abs.AbsTest - Captura de pantalla URL: http://192.168.24.100/SistemaGestionNewWeb/index - Nombre imagen:  Paso 1 realiza Login.png
2023-09-20 10:21:45,286 [main] INFO  com.tgr.selenium.abs.AbsTest - INICIO -----> ESPERA:2 / SEGUNDOS
2023-09-20 10:21:47,288 [main] INFO  com.tgr.selenium.abs.AbsTest - FIN    -----> ESPERA:2 / SEGUNDOS
2023-09-20 10:21:47,303 [main] INFO  com.tgr.selenium.abs.AbsTest - INICIO -----> ESPERA:5 / SEGUNDOS
2023-09-20 10:21:52,317 [main] INFO  com.tgr.selenium.abs.AbsTest - FIN    -----> ESPERA:5 / SEGUNDOS
2023-09-20 10:21:52,330 [main] INFO  com.tgr.selenium.abs.AbsTest - Captura de pantalla URL: http://intranettest/apoyoSistEgreWeb/ - Nombre imagen:  casa bobo.png
2023-09-20 10:21:52,481 [main] INFO  com.tgr.selenium.abs.AbsTest - INICIO -----> ESPERA:2 / SEGUNDOS
2023-09-20 10:21:54,494 [main] INFO  com.tgr.selenium.abs.AbsTest - FIN    -----> ESPERA:2 / SEGUNDOS
2023-09-20 10:21:54,815 [main] INFO  com.tgr.selenium.abs.AbsTest - INICIO -----> ESPERA:2 / SEGUNDOS
2023-09-20 10:21:56,823 [main] INFO  com.tgr.selenium.abs.AbsTest - FIN    -----> ESPERA:2 / SEGUNDOS
2023-09-20 10:21:56,999 [main] INFO  com.tgr.selenium.abs.AbsTest - INICIO -----> ESPERA:2 / SEGUNDOS
2023-09-20 10:21:59,001 [main] INFO  com.tgr.selenium.abs.AbsTest - FIN    -----> ESPERA:2 / SEGUNDOS
2023-09-20 10:21:59,105 [main] INFO  com.tgr.selenium.abs.AbsTest - INICIO -----> ESPERA:2 / SEGUNDOS
2023-09-20 10:22:01,106 [main] INFO  com.tgr.selenium.abs.AbsTest - FIN    -----> ESPERA:2 / SEGUNDOS
2023-09-20 10:22:01,150 [main] INFO  com.tgr.selenium.abs.AbsTest - INICIO -----> ESPERA:2 / SEGUNDOS
2023-09-20 10:22:03,151 [main] INFO  com.tgr.selenium.abs.AbsTest - FIN    -----> ESPERA:2 / SEGUNDOS
2023-09-20 10:22:03,164 [main] INFO  com.tgr.javaee.propiedades.DatosSistema - Obtener Propiedades - end
2023-09-20 10:22:03,198 [main] INFO  com.tgr.selenium.abs.AbsTest - INICIO -----> ESPERA:2 / SEGUNDOS
2023-09-20 10:22:05,205 [main] INFO  com.tgr.selenium.abs.AbsTest - FIN    -----> ESPERA:2 / SEGUNDOS
2023-09-20 10:22:05,256 [main] INFO  com.tgr.selenium.abs.AbsTest - INICIO -----> ESPERA:5 / SEGUNDOS
2023-09-20 10:22:10,266 [main] INFO  com.tgr.selenium.abs.AbsTest - FIN    -----> ESPERA:5 / SEGUNDOS
2023-09-20 10:22:10,353 [main] INFO  com.tgr.selenium.abs.AbsTest - INICIO -----> ESPERA:2 / SEGUNDOS
2023-09-20 10:22:12,362 [main] INFO  com.tgr.selenium.abs.AbsTest - FIN    -----> ESPERA:2 / SEGUNDOS
2023-09-20 10:22:12,580 [main] INFO  com.tgr.selenium.abs.AbsTest - INICIANDO @AFTER tearDown():com.tgr.script.apoyo_egresos_tgr
]]></system-out>
    <system-err><![CDATA[Starting ChromeDriver 117.0.5938.62 (25a7172909a4cba7355365cf424d7d7eb35231f4-refs/branch-heads/5938@{#1146}) on port 37911
Only local connections are allowed.
Please see https://chromedriver.chromium.org/security-considerations for suggestions on keeping ChromeDriver safe.
ChromeDriver was started successfully.
sep. 20, 2023 10:21:39 A. M. org.openqa.selenium.remote.ProtocolHandshake createSession
INFO: Detected dialect: W3C
]]></system-err>
  </testcase>
</testsuite>