<?xml version="1.0" encoding="UTF-8"?>
<testsuite xmlns:xsi="http://www.w3.org/2001/XMLSchema-instance" xsi:noNamespaceSchemaLocation="https://maven.apache.org/surefire/maven-surefire-plugin/xsd/surefire-test-report-3.0.xsd" version="3.0" name="com.tgr.script.Pago_Contribuciones_prod" time="45.078" tests="1" errors="0" skipped="0" failures="0">
  <properties>
[...]
</properties>
  <testcase name="test" classname="com.tgr.script.Pago_Contribuciones_prod" time="44.996">
    <system-out><![CDATA[2023-11-30 13:26:15,101 [main] INFO  com.tgr.selenium.abs.AbsTest - INICIANDO @BEFORE setUp():com.tgr.script.Pago_Contribuciones_prod
2023-11-30 13:26:15,103 [main] INFO  com.tgr.selenium.abs.AbsTest - setUp():ES WINDOWS
2023-11-30 13:26:20,155 [main] INFO  com.tgr.selenium.abs.AbsTest - INICIO -----> ESPERA:3 / SEGUNDOS
2023-11-30 13:26:23,160 [main] INFO  com.tgr.selenium.abs.AbsTest - FIN    -----> ESPERA:3 / SEGUNDOS
2023-11-30 13:26:23,172 [main] INFO  com.tgr.selenium.abs.AbsTest - Captura de pantalla URL: https://www.tgr.cl/ - Nombre imagen: paso 1 Ingresa a sitio web tgr.png
2023-11-30 13:26:23,674 [main] INFO  com.tgr.selenium.abs.AbsTest - Captura de pantalla URL: https://www.tgr.cl/ - Nombre imagen: paso 2 Ingresa menu de sitio web.png
2023-11-30 13:26:23,936 [main] INFO  com.tgr.selenium.abs.AbsTest - Captura de pantalla URL: https://www.tgr.cl/# - Nombre imagen: paso 3 pagos de impuestos.png
2023-11-30 13:26:25,926 [main] INFO  com.tgr.selenium.abs.AbsTest - INICIO -----> ESPERA:3 / SEGUNDOS
2023-11-30 13:26:28,941 [main] INFO  com.tgr.selenium.abs.AbsTest - FIN    -----> ESPERA:3 / SEGUNDOS
2023-11-30 13:26:28,964 [main] INFO  com.tgr.selenium.abs.AbsTest - INICIO -----> ESPERA:5 / SEGUNDOS
2023-11-30 13:26:33,975 [main] INFO  com.tgr.selenium.abs.AbsTest - FIN    -----> ESPERA:5 / SEGUNDOS
2023-11-30 13:26:33,984 [main] INFO  com.tgr.selenium.abs.AbsTest - Captura de pantalla URL: https://www.tgr.cl/contribuciones/ - Nombre imagen: paso 4 contribuciones.png
2023-11-30 13:26:34,206 [main] INFO  com.tgr.selenium.abs.AbsTest - INICIO -----> ESPERA:2 / SEGUNDOS
2023-11-30 13:26:36,212 [main] INFO  com.tgr.selenium.abs.AbsTest - FIN    -----> ESPERA:2 / SEGUNDOS
2023-11-30 13:26:38,600 [main] INFO  com.tgr.selenium.abs.AbsTest - INICIO -----> ESPERA:2 / SEGUNDOS
2023-11-30 13:26:40,612 [main] INFO  com.tgr.selenium.abs.AbsTest - FIN    -----> ESPERA:2 / SEGUNDOS
2023-11-30 13:26:40,622 [main] INFO  com.tgr.selenium.abs.AbsTest - Captura de pantalla URL: https://contribuciones.tgr.cl/main/contribuciones/agregar/nueva - Nombre imagen: paso 5 pagina buscar propiedades.png
2023-11-30 13:26:40,888 [main] INFO  com.tgr.selenium.abs.AbsTest - INICIO -----> ESPERA:3 / SEGUNDOS
2023-11-30 13:26:43,891 [main] INFO  com.tgr.selenium.abs.AbsTest - FIN    -----> ESPERA:3 / SEGUNDOS
2023-11-30 13:26:44,003 [main] INFO  com.tgr.selenium.abs.AbsTest - INICIO -----> ESPERA:3 / SEGUNDOS
2023-11-30 13:26:47,013 [main] INFO  com.tgr.selenium.abs.AbsTest - FIN    -----> ESPERA:3 / SEGUNDOS
2023-11-30 13:26:47,122 [main] INFO  com.tgr.selenium.abs.AbsTest - INICIO -----> ESPERA:3 / SEGUNDOS
2023-11-30 13:26:50,133 [main] INFO  com.tgr.selenium.abs.AbsTest - FIN    -----> ESPERA:3 / SEGUNDOS
2023-11-30 13:26:50,237 [main] INFO  com.tgr.selenium.abs.AbsTest - INICIO -----> ESPERA:2 / SEGUNDOS
2023-11-30 13:26:52,244 [main] INFO  com.tgr.selenium.abs.AbsTest - FIN    -----> ESPERA:2 / SEGUNDOS
2023-11-30 13:26:52,418 [main] INFO  com.tgr.selenium.abs.AbsTest - INICIO -----> ESPERA:2 / SEGUNDOS
2023-11-30 13:26:54,419 [main] INFO  com.tgr.selenium.abs.AbsTest - FIN    -----> ESPERA:2 / SEGUNDOS
2023-11-30 13:26:54,718 [main] INFO  com.tgr.selenium.abs.AbsTest - INICIO -----> ESPERA:5 / SEGUNDOS
2023-11-30 13:26:59,720 [main] INFO  com.tgr.selenium.abs.AbsTest - FIN    -----> ESPERA:5 / SEGUNDOS
2023-11-30 13:26:59,967 [main] INFO  com.tgr.selenium.abs.AbsTest - INICIANDO @AFTER tearDown():com.tgr.script.Pago_Contribuciones_prod
]]></system-out>
    <system-err><![CDATA[nov 30, 2023 1:26:16 P. M. org.openqa.selenium.devtools.CdpVersionFinder findNearestMatch
WARNING: Unable to find an exact match for CDP version 119, returning the closest version; found: 118; Please update to a Selenium version that supports CDP version 119
]]></system-err>
  </testcase>
</testsuite>