<?xml version="1.0" encoding="UTF-8"?>
<testsuite xmlns:xsi="http://www.w3.org/2001/XMLSchema-instance" xsi:noNamespaceSchemaLocation="https://maven.apache.org/surefire/maven-surefire-plugin/xsd/surefire-test-report-3.0.xsd" version="3.0" name="com.tgr.script.tgr_web" time="16.625" tests="1" errors="0" skipped="0" failures="0">
  <properties>
[...]
</properties>
  <testcase name="test" classname="com.tgr.script.tgr_web" time="16.527">
    <system-out><![CDATA[2023-09-14 17:34:37,222 [main] INFO  com.tgr.selenium.abs.AbsTest - INICIANDO @BEFORE setUp():com.tgr.script.tgr_web
2023-09-14 17:34:37,224 [main] INFO  com.tgr.selenium.abs.AbsTest - setUp():ES WINDOWS
2023-09-14 17:34:38,752 [main] INFO  com.tgr.javaee.propiedades.DatosSistema - Obtener Propiedades - init
2023-09-14 17:34:38,752 [main] INFO  com.tgr.javaee.propiedades.DatosSistema - Cargar Propiedades - end
2023-09-14 17:34:38,752 [main] INFO  com.tgr.javaee.propiedades.DatosSistema - Obtener Propiedades - end
2023-09-14 17:34:38,752 [main] INFO  com.tgr.javaee.propiedades.DatosSistema - Obtener Propiedades - end
2023-09-14 17:34:46,729 [main] INFO  com.tgr.selenium.abs.AbsTest - INICIO -----> ESPERA:5 / SEGUNDOS
2023-09-14 17:34:51,737 [main] INFO  com.tgr.selenium.abs.AbsTest - FIN    -----> ESPERA:5 / SEGUNDOS
2023-09-14 17:34:51,737 [main] INFO  com.tgr.selenium.abs.AbsTest - Captura de pantalla URL: https://www.tgr.cl/ - Nombre imagen: carga tgr.png
2023-09-14 17:34:53,637 [main] INFO  com.tgr.selenium.abs.AbsTest - INICIANDO @AFTER tearDown():com.tgr.script.tgr_web
]]></system-out>
    <system-err><![CDATA[Starting ChromeDriver 117.0.5938.62 (25a7172909a4cba7355365cf424d7d7eb35231f4-refs/branch-heads/5938@{#1146}) on port 38597
Only local connections are allowed.
Please see https://chromedriver.chromium.org/security-considerations for suggestions on keeping ChromeDriver safe.
ChromeDriver was started successfully.
sep. 14, 2023 5:34:38 P. M. org.openqa.selenium.remote.ProtocolHandshake createSession
INFO: Detected dialect: W3C
]]></system-err>
  </testcase>
</testsuite>