<?xml version="1.0" encoding="UTF-8"?>
<testsuite xmlns:xsi="http://www.w3.org/2001/XMLSchema-instance" xsi:noNamespaceSchemaLocation="https://maven.apache.org/surefire/maven-surefire-plugin/xsd/surefire-test-report-3.0.xsd" version="3.0" name="com.tgr.script.ingresa_retenciones_tgr" time="67.703" tests="1" errors="0" skipped="0" failures="0">
  <properties>
[...]
</properties>
  <testcase name="test" classname="com.tgr.script.ingresa_retenciones_tgr" time="67.648">
    <system-out><![CDATA[2023-09-25 14:30:42,042 [main] INFO  com.tgr.selenium.abs.AbsTest - INICIANDO @BEFORE setUp():com.tgr.script.ingresa_retenciones_tgr
2023-09-25 14:30:42,044 [main] INFO  com.tgr.selenium.abs.AbsTest - setUp():ES WINDOWS
2023-09-25 14:30:43,644 [main] INFO  com.tgr.javaee.propiedades.DatosSistema - Obtener Propiedades - init
2023-09-25 14:30:43,644 [main] INFO  com.tgr.javaee.propiedades.DatosSistema - Cargar Propiedades - end
2023-09-25 14:30:43,644 [main] INFO  com.tgr.javaee.propiedades.DatosSistema - Obtener Propiedades - end
2023-09-25 14:30:43,644 [main] INFO  com.tgr.javaee.propiedades.DatosSistema - Obtener Propiedades - end
2023-09-25 14:30:47,051 [main] INFO  com.tgr.selenium.abs.AbsTest - Captura de pantalla URL: http://192.168.24.100/SistemaGestionNewWeb/index - Nombre imagen: paso 1 Ingresa a sistema gestion.png
2023-09-25 14:30:47,220 [main] INFO  com.tgr.javaee.propiedades.DatosSistema - Obtener Propiedades - end
2023-09-25 14:30:47,285 [main] INFO  com.tgr.selenium.abs.AbsTest - INICIO -----> ESPERA:2 / SEGUNDOS
2023-09-25 14:30:49,294 [main] INFO  com.tgr.selenium.abs.AbsTest - FIN    -----> ESPERA:2 / SEGUNDOS
2023-09-25 14:30:49,294 [main] INFO  com.tgr.javaee.propiedades.DatosSistema - Obtener Propiedades - end
2023-09-25 14:30:49,941 [main] INFO  com.tgr.selenium.abs.AbsTest - INICIO -----> ESPERA:2 / SEGUNDOS
2023-09-25 14:30:51,948 [main] INFO  com.tgr.selenium.abs.AbsTest - FIN    -----> ESPERA:2 / SEGUNDOS
2023-09-25 14:30:51,948 [main] INFO  com.tgr.selenium.abs.AbsTest - Captura de pantalla URL: http://192.168.24.100/SistemaGestionNewWeb/index - Nombre imagen: paso 2 realiza Login.png
2023-09-25 14:30:52,145 [main] INFO  com.tgr.selenium.abs.AbsTest - INICIO -----> ESPERA:2 / SEGUNDOS
2023-09-25 14:30:54,160 [main] INFO  com.tgr.selenium.abs.AbsTest - FIN    -----> ESPERA:2 / SEGUNDOS
2023-09-25 14:30:54,160 [main] INFO  com.tgr.selenium.abs.AbsTest - Captura de pantalla URL: http://192.168.24.100/SistemaGestionNewWeb/index - Nombre imagen: paso 3 Retenciones y Compensaciones.png
2023-09-25 14:30:54,342 [main] INFO  com.tgr.selenium.abs.AbsTest - INICIO -----> ESPERA:2 / SEGUNDOS
2023-09-25 14:30:56,347 [main] INFO  com.tgr.selenium.abs.AbsTest - FIN    -----> ESPERA:2 / SEGUNDOS
2023-09-25 14:30:56,467 [main] INFO  com.tgr.selenium.abs.AbsTest - INICIO -----> ESPERA:2 / SEGUNDOS
2023-09-25 14:30:58,480 [main] INFO  com.tgr.selenium.abs.AbsTest - FIN    -----> ESPERA:2 / SEGUNDOS
2023-09-25 14:30:58,549 [main] INFO  com.tgr.selenium.abs.AbsTest - INICIO -----> ESPERA:3 / SEGUNDOS
2023-09-25 14:31:01,555 [main] INFO  com.tgr.selenium.abs.AbsTest - FIN    -----> ESPERA:3 / SEGUNDOS
2023-09-25 14:31:01,555 [main] INFO  com.tgr.selenium.abs.AbsTest - Captura de pantalla URL: https://test.tesoreria.cl/CRC/Controller.jpf - Nombre imagen: paso 4 Retenciones y Compensaciones menu.png
2023-09-25 14:31:01,785 [main] INFO  com.tgr.selenium.abs.AbsTest - INICIO -----> ESPERA:2 / SEGUNDOS
2023-09-25 14:31:03,791 [main] INFO  com.tgr.selenium.abs.AbsTest - FIN    -----> ESPERA:2 / SEGUNDOS
2023-09-25 14:31:03,836 [main] INFO  com.tgr.selenium.abs.AbsTest - INICIO -----> ESPERA:2 / SEGUNDOS
2023-09-25 14:31:05,843 [main] INFO  com.tgr.selenium.abs.AbsTest - FIN    -----> ESPERA:2 / SEGUNDOS
2023-09-25 14:31:05,930 [main] INFO  com.tgr.selenium.abs.AbsTest - INICIO -----> ESPERA:2 / SEGUNDOS
2023-09-25 14:31:07,939 [main] INFO  com.tgr.selenium.abs.AbsTest - FIN    -----> ESPERA:2 / SEGUNDOS
2023-09-25 14:31:07,939 [main] INFO  com.tgr.selenium.abs.AbsTest - Captura de pantalla URL: https://test.tesoreria.cl/CRC/Controller.jpf - Nombre imagen:  paso 5 Retenciones y Compensaciones rut.png
2023-09-25 14:31:08,252 [main] INFO  com.tgr.selenium.abs.AbsTest - INICIO -----> ESPERA:2 / SEGUNDOS
2023-09-25 14:31:10,256 [main] INFO  com.tgr.selenium.abs.AbsTest - FIN    -----> ESPERA:2 / SEGUNDOS
2023-09-25 14:31:10,256 [main] INFO  com.tgr.selenium.abs.AbsTest - Captura de pantalla URL: https://test.tesoreria.cl/CRC/Controller.jpf - Nombre imagen: paso 6 Retenciones y Compensaciones mandato.png
2023-09-25 14:31:10,536 [main] INFO  com.tgr.selenium.abs.AbsTest - INICIO -----> ESPERA:2 / SEGUNDOS
2023-09-25 14:31:12,546 [main] INFO  com.tgr.selenium.abs.AbsTest - FIN    -----> ESPERA:2 / SEGUNDOS
2023-09-25 14:31:12,546 [main] INFO  com.tgr.selenium.abs.AbsTest - Captura de pantalla URL: https://test.tesoreria.cl/CRC/Controller.jpf - Nombre imagen: paso 7 Retenciones y Compensaciones normal.png
2023-09-25 14:31:13,098 [main] INFO  com.tgr.selenium.abs.AbsTest - INICIO -----> ESPERA:3 / SEGUNDOS
2023-09-25 14:31:16,107 [main] INFO  com.tgr.selenium.abs.AbsTest - FIN    -----> ESPERA:3 / SEGUNDOS
2023-09-25 14:31:16,156 [main] INFO  com.tgr.selenium.abs.AbsTest - INICIO -----> ESPERA:2 / SEGUNDOS
2023-09-25 14:31:18,169 [main] INFO  com.tgr.selenium.abs.AbsTest - FIN    -----> ESPERA:2 / SEGUNDOS
2023-09-25 14:31:18,174 [main] INFO  com.tgr.selenium.abs.AbsTest - Captura de pantalla URL: https://test.tesoreria.cl/CRC/Controller.jpf - Nombre imagen: paso 8 Retenciones y Compensaciones formulario.png
2023-09-25 14:31:18,440 [main] INFO  com.tgr.selenium.abs.AbsTest - INICIO -----> ESPERA:2 / SEGUNDOS
2023-09-25 14:31:20,451 [main] INFO  com.tgr.selenium.abs.AbsTest - FIN    -----> ESPERA:2 / SEGUNDOS
2023-09-25 14:31:20,451 [main] INFO  com.tgr.selenium.abs.AbsTest - Captura de pantalla URL: https://test.tesoreria.cl/CRC/Controller.jpf - Nombre imagen: paso 8 Retenciones y Compensaciones fecha.png
2023-09-25 14:31:20,654 [main] INFO  com.tgr.selenium.abs.AbsTest - INICIO -----> ESPERA:2 / SEGUNDOS
2023-09-25 14:31:22,669 [main] INFO  com.tgr.selenium.abs.AbsTest - FIN    -----> ESPERA:2 / SEGUNDOS
2023-09-25 14:31:22,669 [main] INFO  com.tgr.selenium.abs.AbsTest - Captura de pantalla URL: https://test.tesoreria.cl/CRC/Controller.jpf - Nombre imagen: paso 9 Retenciones y Compensaciones check box nuevo.png
2023-09-25 14:31:22,856 [main] INFO  com.tgr.selenium.abs.AbsTest - INICIO -----> ESPERA:2 / SEGUNDOS
2023-09-25 14:31:24,859 [main] INFO  com.tgr.selenium.abs.AbsTest - FIN    -----> ESPERA:2 / SEGUNDOS
2023-09-25 14:31:24,859 [main] INFO  com.tgr.selenium.abs.AbsTest - Captura de pantalla URL: https://test.tesoreria.cl/CRC/Controller.jpf - Nombre imagen: paso 10 Retenciones y Compensaciones monto retener.png
2023-09-25 14:31:25,144 [main] INFO  com.tgr.selenium.abs.AbsTest - INICIO -----> ESPERA:2 / SEGUNDOS
2023-09-25 14:31:27,157 [main] INFO  com.tgr.selenium.abs.AbsTest - FIN    -----> ESPERA:2 / SEGUNDOS
2023-09-25 14:31:27,157 [main] INFO  com.tgr.selenium.abs.AbsTest - Captura de pantalla URL: https://test.tesoreria.cl/CRC/Controller.jpf - Nombre imagen:  paso 11 Retenciones y Compensaciones ingreso moneda.png
2023-09-25 14:31:27,444 [main] INFO  com.tgr.selenium.abs.AbsTest - INICIO -----> ESPERA:2 / SEGUNDOS
2023-09-25 14:31:29,449 [main] INFO  com.tgr.selenium.abs.AbsTest - FIN    -----> ESPERA:2 / SEGUNDOS
2023-09-25 14:31:29,449 [main] INFO  com.tgr.selenium.abs.AbsTest - Captura de pantalla URL: https://test.tesoreria.cl/CRC/Controller.jpf - Nombre imagen: paso 12 Retenciones y Compensaciones ingreso medio de pago.png
2023-09-25 14:31:29,729 [main] INFO  com.tgr.selenium.abs.AbsTest - INICIO -----> ESPERA:2 / SEGUNDOS
2023-09-25 14:31:31,744 [main] INFO  com.tgr.selenium.abs.AbsTest - FIN    -----> ESPERA:2 / SEGUNDOS
2023-09-25 14:31:31,744 [main] INFO  com.tgr.selenium.abs.AbsTest - Captura de pantalla URL: https://test.tesoreria.cl/CRC/Controller.jpf - Nombre imagen: paso 13 Retenciones y Compensaciones fecha mandato.png
2023-09-25 14:31:31,970 [main] INFO  com.tgr.selenium.abs.AbsTest - INICIO -----> ESPERA:2 / SEGUNDOS
2023-09-25 14:31:33,984 [main] INFO  com.tgr.selenium.abs.AbsTest - FIN    -----> ESPERA:2 / SEGUNDOS
2023-09-25 14:31:33,984 [main] INFO  com.tgr.selenium.abs.AbsTest - Captura de pantalla URL: https://test.tesoreria.cl/CRC/Controller.jpf - Nombre imagen: paso 14 Retenciones y Compensaciones rut mandatario.png
2023-09-25 14:31:34,172 [main] INFO  com.tgr.selenium.abs.AbsTest - INICIO -----> ESPERA:2 / SEGUNDOS
2023-09-25 14:31:36,185 [main] INFO  com.tgr.selenium.abs.AbsTest - FIN    -----> ESPERA:2 / SEGUNDOS
2023-09-25 14:31:36,185 [main] INFO  com.tgr.selenium.abs.AbsTest - Captura de pantalla URL: https://test.tesoreria.cl/CRC/Controller.jpf - Nombre imagen: paso 15 Retenciones y Compensaciones ingresa OBS.png
2023-09-25 14:31:36,995 [main] INFO  com.tgr.selenium.abs.AbsTest - INICIO -----> ESPERA:2 / SEGUNDOS
2023-09-25 14:31:39,001 [main] INFO  com.tgr.selenium.abs.AbsTest - FIN    -----> ESPERA:2 / SEGUNDOS
2023-09-25 14:31:39,366 [main] INFO  com.tgr.selenium.abs.AbsTest - INICIO -----> ESPERA:2 / SEGUNDOS
2023-09-25 14:31:41,375 [main] INFO  com.tgr.selenium.abs.AbsTest - FIN    -----> ESPERA:2 / SEGUNDOS
2023-09-25 14:31:41,375 [main] INFO  com.tgr.selenium.abs.AbsTest - Captura de pantalla URL: https://test.tesoreria.cl/CRC/Controller.jpf - Nombre imagen: paso 16 Retenciones y Compensaciones confirmar datos.png
2023-09-25 14:31:41,812 [main] INFO  com.tgr.selenium.abs.AbsTest - INICIO -----> ESPERA:2 / SEGUNDOS
2023-09-25 14:31:43,827 [main] INFO  com.tgr.selenium.abs.AbsTest - FIN    -----> ESPERA:2 / SEGUNDOS
2023-09-25 14:31:43,827 [main] INFO  com.tgr.selenium.abs.AbsTest - Captura de pantalla URL: https://test.tesoreria.cl/CRC/Controller.jpf - Nombre imagen: paso 17 Retenciones y Compensaciones continuar.png
2023-09-25 14:31:44,369 [main] INFO  com.tgr.selenium.abs.AbsTest - INICIO -----> ESPERA:2 / SEGUNDOS
2023-09-25 14:31:46,380 [main] INFO  com.tgr.selenium.abs.AbsTest - FIN    -----> ESPERA:2 / SEGUNDOS
2023-09-25 14:31:46,380 [main] INFO  com.tgr.selenium.abs.AbsTest - Captura de pantalla URL: https://test.tesoreria.cl/CRC/Controller.jpf - Nombre imagen: paso 18 Retenciones y Compensaciones confirma datos.png
2023-09-25 14:31:46,517 [main] INFO  com.tgr.selenium.abs.AbsTest - INICIO -----> ESPERA:2 / SEGUNDOS
2023-09-25 14:31:48,525 [main] INFO  com.tgr.selenium.abs.AbsTest - FIN    -----> ESPERA:2 / SEGUNDOS
2023-09-25 14:31:48,525 [main] INFO  com.tgr.selenium.abs.AbsTest - Captura de pantalla URL: https://test.tesoreria.cl/CRC/Controller.jpf - Nombre imagen: paso 19 Retenciones y Compensaciones operacion exitosa.png
2023-09-25 14:31:49,589 [main] INFO  com.tgr.selenium.abs.AbsTest - INICIANDO @AFTER tearDown():com.tgr.script.ingresa_retenciones_tgr
]]></system-out>
    <system-err><![CDATA[Starting ChromeDriver 117.0.5938.62 (25a7172909a4cba7355365cf424d7d7eb35231f4-refs/branch-heads/5938@{#1146}) on port 5552
Only local connections are allowed.
Please see https://chromedriver.chromium.org/security-considerations for suggestions on keeping ChromeDriver safe.
ChromeDriver was started successfully.
sep. 25, 2023 2:30:43 P. M. org.openqa.selenium.remote.ProtocolHandshake createSession
INFO: Detected dialect: W3C
]]></system-err>
  </testcase>
</testsuite>