<?xml version="1.0" encoding="UTF-8"?>
<testng-results ignored="0" total="0" passed="0" failed="0" skipped="0">
  <reporter-output>
  </reporter-output>
  <suite started-at="2025-06-02T11:55:38 GMT-04:00" name="TGR Selenium Suite" finished-at="2025-06-02T11:55:38 GMT-04:00" duration-ms="7">
    <groups>
    </groups>
    <test started-at="2025-06-02T11:55:38 GMT-04:00" name="Selenium Tests" finished-at="2025-06-02T11:55:38 GMT-04:00" duration-ms="7">
    </test> <!-- Selenium Tests -->
  </suite> <!-- TGR Selenium Suite -->
</testng-results>
