<?xml version="1.0" encoding="UTF-8"?>
<testsuite xmlns:xsi="http://www.w3.org/2001/XMLSchema-instance" xsi:noNamespaceSchemaLocation="https://maven.apache.org/surefire/maven-surefire-plugin/xsd/surefire-test-report-3.0.xsd" version="3.0" name="com.tgr.script.Prueba_web_menu_pagos_3_multas_tgr" time="184.803" tests="1" errors="0" skipped="0" failures="0">
  <properties>
[...]
</properties>
  <testcase name="test" classname="com.tgr.script.Prueba_web_menu_pagos_3_multas_tgr" time="184.766">
    <system-out><![CDATA[2023-09-22 17:49:44,705 [main] INFO  com.tgr.selenium.abs.AbsTest - INICIANDO @BEFORE setUp():com.tgr.script.Prueba_web_menu_pagos_3_multas_tgr
2023-09-22 17:49:44,707 [main] INFO  com.tgr.selenium.abs.AbsTest - setUp():ES WINDOWS
2023-09-22 17:49:45,682 [main] INFO  com.tgr.javaee.propiedades.DatosSistema - Obtener Propiedades - init
2023-09-22 17:49:45,683 [main] INFO  com.tgr.javaee.propiedades.DatosSistema - Cargar Propiedades - end
2023-09-22 17:49:45,683 [main] INFO  com.tgr.javaee.propiedades.DatosSistema - Obtener Propiedades - end
2023-09-22 17:49:45,685 [main] INFO  com.tgr.javaee.propiedades.DatosSistema - Obtener Propiedades - end
2023-09-22 17:49:49,443 [main] INFO  com.tgr.selenium.abs.AbsTest - INICIO -----> ESPERA:3 / SEGUNDOS
2023-09-22 17:49:52,451 [main] INFO  com.tgr.selenium.abs.AbsTest - FIN    -----> ESPERA:3 / SEGUNDOS
2023-09-22 17:49:52,460 [main] INFO  com.tgr.selenium.abs.AbsTest - Captura de pantalla URL: https://www.tgr.cl/ - Nombre imagen:  Paso 01 Ingresa a sitio web.png
2023-09-22 17:49:52,945 [main] INFO  com.tgr.selenium.abs.AbsTest - Captura de pantalla URL: https://www.tgr.cl/ - Nombre imagen: Ingresa menu de sitio web.png
2023-09-22 17:49:53,177 [main] INFO  com.tgr.selenium.abs.AbsTest - Captura de pantalla URL: https://www.tgr.cl/ - Nombre imagen: Ingresa menu multas patentes y otros.png
2023-09-22 17:49:54,846 [main] INFO  com.tgr.selenium.abs.AbsTest - INICIO -----> ESPERA:3 / SEGUNDOS
2023-09-22 17:49:57,855 [main] INFO  com.tgr.selenium.abs.AbsTest - FIN    -----> ESPERA:3 / SEGUNDOS
2023-09-22 17:49:57,868 [main] INFO  com.tgr.selenium.abs.AbsTest - INICIO -----> ESPERA:5 / SEGUNDOS
2023-09-22 17:50:02,871 [main] INFO  com.tgr.selenium.abs.AbsTest - FIN    -----> ESPERA:5 / SEGUNDOS
2023-09-22 17:50:02,876 [main] INFO  com.tgr.selenium.abs.AbsTest - Captura de pantalla URL: https://www.tgr.cl/nueva-forma-de-pagar-tus-multas-y-patentes/ - Nombre imagen: Multas de la Comision del Mercado Financiero.png
2023-09-22 17:50:04,483 [main] INFO  com.tgr.selenium.abs.AbsTest - INICIO -----> ESPERA:3 / SEGUNDOS
2023-09-22 17:50:07,494 [main] INFO  com.tgr.selenium.abs.AbsTest - FIN    -----> ESPERA:3 / SEGUNDOS
2023-09-22 17:50:07,508 [main] INFO  com.tgr.selenium.abs.AbsTest - INICIO -----> ESPERA:5 / SEGUNDOS
2023-09-22 17:50:12,519 [main] INFO  com.tgr.selenium.abs.AbsTest - FIN    -----> ESPERA:5 / SEGUNDOS
2023-09-22 17:50:12,532 [main] INFO  com.tgr.selenium.abs.AbsTest - Captura de pantalla URL: https://www.tgr.cl/nueva-forma-de-pagar-tus-multas-y-patentes/ - Nombre imagen: Multas sernac.png
2023-09-22 17:50:17,048 [main] INFO  com.tgr.selenium.abs.AbsTest - INICIO -----> ESPERA:3 / SEGUNDOS
2023-09-22 17:50:20,052 [main] INFO  com.tgr.selenium.abs.AbsTest - FIN    -----> ESPERA:3 / SEGUNDOS
2023-09-22 17:50:20,074 [main] INFO  com.tgr.selenium.abs.AbsTest - INICIO -----> ESPERA:20 / SEGUNDOS
2023-09-22 17:50:40,079 [main] INFO  com.tgr.selenium.abs.AbsTest - FIN    -----> ESPERA:20 / SEGUNDOS
2023-09-22 17:50:40,092 [main] INFO  com.tgr.selenium.abs.AbsTest - Captura de pantalla URL: https://autentica.tgr.cl/oauth2/authorize-front?client_id=5h1a258ujj2jj37e3gk1m0js9p&redirect_uri=https:%2F%2Fcentro-pagos.tgr.cl%2Flogin&response_type=token&providers=ClaveTesoreria,ClaveTributaria,ClaveUnica&sesion=true - Nombre imagen: Multas Fonasa.png
2023-09-22 17:50:45,353 [main] INFO  com.tgr.selenium.abs.AbsTest - INICIO -----> ESPERA:3 / SEGUNDOS
2023-09-22 17:50:48,355 [main] INFO  com.tgr.selenium.abs.AbsTest - FIN    -----> ESPERA:3 / SEGUNDOS
2023-09-22 17:50:48,375 [main] INFO  com.tgr.selenium.abs.AbsTest - INICIO -----> ESPERA:5 / SEGUNDOS
2023-09-22 17:50:53,377 [main] INFO  com.tgr.selenium.abs.AbsTest - FIN    -----> ESPERA:5 / SEGUNDOS
2023-09-22 17:50:53,387 [main] INFO  com.tgr.selenium.abs.AbsTest - Captura de pantalla URL: https://www.tgr.cl/patentes-derechos-de-agua-no-utilizados/ - Nombre imagen: Patentes Derechos de Agua No Utilizados.png
2023-09-22 17:50:57,207 [main] INFO  com.tgr.selenium.abs.AbsTest - INICIO -----> ESPERA:3 / SEGUNDOS
2023-09-22 17:51:00,209 [main] INFO  com.tgr.selenium.abs.AbsTest - FIN    -----> ESPERA:3 / SEGUNDOS
2023-09-22 17:51:00,230 [main] INFO  com.tgr.selenium.abs.AbsTest - INICIO -----> ESPERA:5 / SEGUNDOS
2023-09-22 17:51:05,244 [main] INFO  com.tgr.selenium.abs.AbsTest - FIN    -----> ESPERA:5 / SEGUNDOS
2023-09-22 17:51:05,252 [main] INFO  com.tgr.selenium.abs.AbsTest - Captura de pantalla URL: https://www.tgr.cl/tramites-tgr/oferta-economica-de-casinos/ - Nombre imagen: Oferta Economica Casinos Ley N0 19.995/2005.png
2023-09-22 17:51:08,890 [main] INFO  com.tgr.selenium.abs.AbsTest - INICIO -----> ESPERA:3 / SEGUNDOS
2023-09-22 17:51:11,894 [main] INFO  com.tgr.selenium.abs.AbsTest - FIN    -----> ESPERA:3 / SEGUNDOS
2023-09-22 17:51:11,911 [main] INFO  com.tgr.selenium.abs.AbsTest - INICIO -----> ESPERA:5 / SEGUNDOS
2023-09-22 17:51:16,918 [main] INFO  com.tgr.selenium.abs.AbsTest - FIN    -----> ESPERA:5 / SEGUNDOS
2023-09-22 17:51:16,927 [main] INFO  com.tgr.selenium.abs.AbsTest - Captura de pantalla URL: https://www.tgr.cl/tramites-tgr/f10-tribunal-de-cuentas/ - Nombre imagen: Tribunal de Cuentas.png
2023-09-22 17:51:19,185 [main] INFO  com.tgr.selenium.abs.AbsTest - INICIO -----> ESPERA:3 / SEGUNDOS
2023-09-22 17:51:22,188 [main] INFO  com.tgr.selenium.abs.AbsTest - FIN    -----> ESPERA:3 / SEGUNDOS
2023-09-22 17:51:22,203 [main] INFO  com.tgr.selenium.abs.AbsTest - INICIO -----> ESPERA:5 / SEGUNDOS
2023-09-22 17:51:27,205 [main] INFO  com.tgr.selenium.abs.AbsTest - FIN    -----> ESPERA:5 / SEGUNDOS
2023-09-22 17:51:27,216 [main] INFO  com.tgr.selenium.abs.AbsTest - Captura de pantalla URL: https://www.tgr.cl/tramites-tgr/f23-notarios-y-martilleros-publicos/ - Nombre imagen: Notarios y Martilleros Publicos.png
2023-09-22 17:51:28,613 [main] INFO  com.tgr.selenium.abs.AbsTest - INICIO -----> ESPERA:3 / SEGUNDOS
2023-09-22 17:51:31,615 [main] INFO  com.tgr.selenium.abs.AbsTest - FIN    -----> ESPERA:3 / SEGUNDOS
2023-09-22 17:51:31,633 [main] INFO  com.tgr.selenium.abs.AbsTest - INICIO -----> ESPERA:5 / SEGUNDOS
2023-09-22 17:51:36,642 [main] INFO  com.tgr.selenium.abs.AbsTest - FIN    -----> ESPERA:5 / SEGUNDOS
2023-09-22 17:51:36,657 [main] INFO  com.tgr.selenium.abs.AbsTest - Captura de pantalla URL: https://www.tgr.cl/patentes-mineras/ - Nombre imagen: Patentes Mineras.png
2023-09-22 17:51:38,713 [main] INFO  com.tgr.selenium.abs.AbsTest - INICIO -----> ESPERA:3 / SEGUNDOS
2023-09-22 17:51:41,717 [main] INFO  com.tgr.selenium.abs.AbsTest - FIN    -----> ESPERA:3 / SEGUNDOS
2023-09-22 17:51:41,735 [main] INFO  com.tgr.selenium.abs.AbsTest - INICIO -----> ESPERA:5 / SEGUNDOS
2023-09-22 17:51:46,746 [main] INFO  com.tgr.selenium.abs.AbsTest - FIN    -----> ESPERA:5 / SEGUNDOS
2023-09-22 17:51:46,790 [main] INFO  com.tgr.selenium.abs.AbsTest - Captura de pantalla URL: https://autentica.tgr.cl/oauth2/authorize-front?client_id=5h1a258ujj2jj37e3gk1m0js9p&redirect_uri=https:%2F%2Fcentro-pagos.tgr.cl%2Flogin&response_type=token&providers=ClaveTesoreria,ClaveTributaria,ClaveUnica&sesion=true - Nombre imagen: Multas Aplicadas a Casinos.png
2023-09-22 17:51:52,573 [main] INFO  com.tgr.selenium.abs.AbsTest - INICIO -----> ESPERA:3 / SEGUNDOS
2023-09-22 17:51:55,588 [main] INFO  com.tgr.selenium.abs.AbsTest - FIN    -----> ESPERA:3 / SEGUNDOS
2023-09-22 17:51:55,607 [main] INFO  com.tgr.selenium.abs.AbsTest - INICIO -----> ESPERA:5 / SEGUNDOS
2023-09-22 17:52:00,616 [main] INFO  com.tgr.selenium.abs.AbsTest - FIN    -----> ESPERA:5 / SEGUNDOS
2023-09-22 17:52:00,623 [main] INFO  com.tgr.selenium.abs.AbsTest - Captura de pantalla URL: https://www.tgr.cl/tramites-tgr/multas-juzgados/ - Nombre imagen: Multas Juzgados.png
2023-09-22 17:52:02,039 [main] INFO  com.tgr.selenium.abs.AbsTest - INICIO -----> ESPERA:3 / SEGUNDOS
2023-09-22 17:52:05,048 [main] INFO  com.tgr.selenium.abs.AbsTest - FIN    -----> ESPERA:3 / SEGUNDOS
2023-09-22 17:52:05,065 [main] INFO  com.tgr.selenium.abs.AbsTest - INICIO -----> ESPERA:5 / SEGUNDOS
2023-09-22 17:52:10,069 [main] INFO  com.tgr.selenium.abs.AbsTest - FIN    -----> ESPERA:5 / SEGUNDOS
2023-09-22 17:52:10,082 [main] INFO  com.tgr.selenium.abs.AbsTest - Captura de pantalla URL: https://www.tgr.cl/tramites-tgr/multas-subtel/ - Nombre imagen: Multas SUBTEL.png
2023-09-22 17:52:31,451 [main] INFO  com.tgr.selenium.abs.AbsTest - INICIO -----> ESPERA:3 / SEGUNDOS
2023-09-22 17:52:34,465 [main] INFO  com.tgr.selenium.abs.AbsTest - FIN    -----> ESPERA:3 / SEGUNDOS
2023-09-22 17:52:34,483 [main] INFO  com.tgr.selenium.abs.AbsTest - INICIO -----> ESPERA:5 / SEGUNDOS
2023-09-22 17:52:39,486 [main] INFO  com.tgr.selenium.abs.AbsTest - FIN    -----> ESPERA:5 / SEGUNDOS
2023-09-22 17:52:39,497 [main] INFO  com.tgr.selenium.abs.AbsTest - Captura de pantalla URL: https://www.tgr.cl/tramites-tgr/multas-ley-de-transparencia/ - Nombre imagen: Multas Ley de Transparencia.png
2023-09-22 17:52:40,984 [main] INFO  com.tgr.selenium.abs.AbsTest - INICIO -----> ESPERA:3 / SEGUNDOS
2023-09-22 17:52:43,987 [main] INFO  com.tgr.selenium.abs.AbsTest - FIN    -----> ESPERA:3 / SEGUNDOS
2023-09-22 17:52:44,002 [main] INFO  com.tgr.selenium.abs.AbsTest - INICIO -----> ESPERA:5 / SEGUNDOS
2023-09-22 17:52:49,006 [main] INFO  com.tgr.selenium.abs.AbsTest - FIN    -----> ESPERA:5 / SEGUNDOS
2023-09-22 17:52:49,013 [main] INFO  com.tgr.selenium.abs.AbsTest - Captura de pantalla URL: https://www.tgr.cl/tramites-tgr/pago-de-multas-aplicadas-por-servicios-publicos/ - Nombre imagen: Pago de Multas Aplicadas por Servicio Publico.png
2023-09-22 17:52:49,424 [main] INFO  com.tgr.selenium.abs.AbsTest - INICIANDO @AFTER tearDown():com.tgr.script.Prueba_web_menu_pagos_3_multas_tgr
]]></system-out>
    <system-err><![CDATA[Starting ChromeDriver 117.0.5938.62 (25a7172909a4cba7355365cf424d7d7eb35231f4-refs/branch-heads/5938@{#1146}) on port 33502
Only local connections are allowed.
Please see https://chromedriver.chromium.org/security-considerations for suggestions on keeping ChromeDriver safe.
ChromeDriver was started successfully.
sep. 22, 2023 5:49:45 P. M. org.openqa.selenium.remote.ProtocolHandshake createSession
INFO: Detected dialect: W3C
]]></system-err>
  </testcase>
</testsuite>